<?xml version="1.0" encoding="UTF-8"?>
<testng-results ignored="0" total="1" passed="1" failed="0" skipped="0">
  <reporter-output>
  </reporter-output>
  <suite started-at="2024-05-17T13:26:14 IST" name="Surefire suite" finished-at="2024-05-17T13:26:29 IST" duration-ms="15106">
    <groups>
      <group name="cucumber">
        <method signature="AbstractTestNGCucumberTests.runScenario(io.cucumber.testng.PickleWrapper,io.cucumber.testng.FeatureWrapper)[pri:0, instance:runnerr.formrunner@7133da86]" name="runScenario" class="io.cucumber.testng.AbstractTestNGCucumberTests"/>
      </group> <!-- cucumber -->
    </groups>
    <test started-at="2024-05-17T13:26:14 IST" name="Surefire test" finished-at="2024-05-17T13:26:29 IST" duration-ms="15106">
      <class name="runnerr.formrunner">
        <test-method is-config="true" signature="setUpClass(org.testng.ITestContext)[pri:0, instance:runnerr.formrunner@7133da86]" started-at="2024-05-17T13:26:14 IST" name="setUpClass" finished-at="2024-05-17T13:26:15 IST" duration-ms="874" status="PASS">
          <params>
            <param index="0">
              <value>
                <![CDATA[org.testng.TestRunner@30b2b76f]]>
              </value>
            </param>
          </params>
          <reporter-output>
          </reporter-output>
        </test-method> <!-- setUpClass -->
        <test-method signature="runScenario(io.cucumber.testng.PickleWrapper,io.cucumber.testng.FeatureWrapper)[pri:0, instance:runnerr.formrunner@7133da86]" started-at="2024-05-17T13:26:15 IST" name="runScenario" description="Runs Cucumber Scenarios" data-provider="scenarios" finished-at="2024-05-17T13:26:29 IST" duration-ms="14011" status="PASS">
          <params>
            <param index="0">
              <value>
                <![CDATA["To test all the text field in Form"]]>
              </value>
            </param>
            <param index="1">
              <value>
                <![CDATA["To test all the text field in Form"]]>
              </value>
            </param>
          </params>
          <reporter-output>
          </reporter-output>
        </test-method> <!-- runScenario -->
        <test-method is-config="true" signature="tearDownClass()[pri:0, instance:runnerr.formrunner@7133da86]" started-at="2024-05-17T13:26:29 IST" name="tearDownClass" finished-at="2024-05-17T13:26:29 IST" duration-ms="10" status="PASS">
          <reporter-output>
          </reporter-output>
        </test-method> <!-- tearDownClass -->
      </class> <!-- runnerr.formrunner -->
    </test> <!-- Surefire test -->
  </suite> <!-- Surefire suite -->
</testng-results>
