<?xml version="1.0" encoding="UTF-8"?>
<testng-results ignored="0" total="1" passed="1" failed="0" skipped="0">
  <reporter-output>
  </reporter-output>
  <suite started-at="2024-05-17T13:22:48 IST" name="Default suite" finished-at="2024-05-17T13:22:59 IST" duration-ms="11427">
    <groups>
      <group name="cucumber">
        <method signature="AbstractTestNGCucumberTests.runScenario(io.cucumber.testng.PickleWrapper,io.cucumber.testng.FeatureWrapper)[pri:0, instance:runnerr.formrunner@5e2c3d18]" name="runScenario" class="io.cucumber.testng.AbstractTestNGCucumberTests"/>
      </group> <!-- cucumber -->
    </groups>
    <test started-at="2024-05-17T13:22:48 IST" name="Default test" finished-at="2024-05-17T13:22:59 IST" duration-ms="11427">
      <class name="runnerr.formrunner">
        <test-method is-config="true" signature="setUpClass(org.testng.ITestContext)[pri:0, instance:runnerr.formrunner@5e2c3d18]" started-at="2024-05-17T13:22:48 IST" name="setUpClass" finished-at="2024-05-17T13:22:49 IST" duration-ms="516" status="PASS">
          <params>
            <param index="0">
              <value>
                <![CDATA[org.testng.TestRunner@73ab3aac]]>
              </value>
            </param>
          </params>
          <reporter-output>
          </reporter-output>
        </test-method> <!-- setUpClass -->
        <test-method signature="runScenario(io.cucumber.testng.PickleWrapper,io.cucumber.testng.FeatureWrapper)[pri:0, instance:runnerr.formrunner@5e2c3d18]" started-at="2024-05-17T13:22:49 IST" name="runScenario" description="Runs Cucumber Scenarios" data-provider="scenarios" finished-at="2024-05-17T13:22:59 IST" duration-ms="10771" status="PASS">
          <params>
            <param index="0">
              <value>
                <![CDATA["To test all the text field in Form"]]>
              </value>
            </param>
            <param index="1">
              <value>
                <![CDATA["To test all the text field in Form"]]>
              </value>
            </param>
          </params>
          <reporter-output>
          </reporter-output>
        </test-method> <!-- runScenario -->
        <test-method is-config="true" signature="tearDownClass()[pri:0, instance:runnerr.formrunner@5e2c3d18]" started-at="2024-05-17T13:22:59 IST" name="tearDownClass" finished-at="2024-05-17T13:22:59 IST" duration-ms="7" status="PASS">
          <reporter-output>
          </reporter-output>
        </test-method> <!-- tearDownClass -->
      </class> <!-- runnerr.formrunner -->
    </test> <!-- Default test -->
  </suite> <!-- Default suite -->
</testng-results>
